<?xml version="1.0" encoding="UTF-8"?>
<!-- Generated by org.testng.reporters.JUnitReportReporter -->
<testsuite skipped="0" hostname="DESKTOP-N60QB27" name="POST.PostAsMap" tests="1" failures="0" timestamp="2022-12-22T11:38:36 IST" time="3.821" errors="0">
  <testcase name="main" time="3.821" classname="POST.PostAsMap"/>
  <system-out/>
</testsuite> <!-- POST.PostAsMap -->
