<?xml version="1.0" encoding="UTF-8"?>
<!-- Generated by org.testng.reporters.JUnitReportReporter -->
<testsuite skipped="0" hostname="DESKTOP-N60QB27" name="POST.post3" tests="1" failures="0" timestamp="2022-12-22T11:31:26 IST" time="3.339" errors="0">
  <testcase name="main" time="3.339" classname="POST.post3"/>
  <system-out/>
</testsuite> <!-- POST.post3 -->
